c:\users\dell\desktop\includeme\debug\vc142.pdb
c:\users\dell\desktop\includeme\debug\myform.obj
c:\users\dell\desktop\includeme\debug\.netframework,version=v4.6.1.assemblyattributes.obj
c:\users\dell\desktop\includeme\debug\.netframework,version=v4.6.1.assemblyattributes.asm
c:\users\dell\desktop\includeme\debug\includeme.myform.resources
c:\users\dell\desktop\includeme\debug\includeme.vcxproj.generateresource.cache
c:\users\dell\desktop\includeme\debug\includeme.vcxprojassemblyreference.cache
c:\users\dell\desktop\includeme\debug\includeme.pdb
c:\users\dell\desktop\includeme\debug\includeme.tlog\cl.command.1.tlog
c:\users\dell\desktop\includeme\debug\includeme.tlog\cl.read.1.tlog
c:\users\dell\desktop\includeme\debug\includeme.tlog\cl.write.1.tlog
c:\users\dell\desktop\includeme\debug\includeme.tlog\includeme.write.1u.tlog
c:\users\dell\desktop\includeme\debug\includeme.tlog\link.9340-cvtres.read.1.tlog
c:\users\dell\desktop\includeme\debug\includeme.tlog\link.9340-cvtres.write.1.tlog
c:\users\dell\desktop\includeme\debug\includeme.tlog\link.9340-rc.read.1.tlog
c:\users\dell\desktop\includeme\debug\includeme.tlog\link.9340-rc.write.1.tlog
c:\users\dell\desktop\includeme\debug\includeme.tlog\link.9340.read.1.tlog
c:\users\dell\desktop\includeme\debug\includeme.tlog\link.9340.write.1.tlog
c:\users\dell\desktop\includeme\debug\includeme.tlog\link.command.1.tlog
c:\users\dell\desktop\includeme\debug\includeme.tlog\link.read.1.tlog
c:\users\dell\desktop\includeme\debug\includeme.tlog\link.write.1.tlog
c:\users\dell\desktop\includeme\debug\includeme.tlog\metagen.read.1.tlog
c:\users\dell\desktop\includeme\debug\includeme.tlog\metagen.write.1.tlog
